

Started GET "/assets/rails.png" for 127.0.0.1 at Tue Aug 07 16:10:50 -0500 2012
Connecting to database specified by database.yml
Served asset /rails.png - 200 OK (5ms)
Connecting to database specified by database.yml
Connecting to database specified by database.yml
Connecting to database specified by database.yml
Connecting to database specified by database.yml
  [1m[36m (0.1ms)[0m  [1mselect sqlite_version(*)[0m
  [1m[35m (7.2ms)[0m  CREATE TABLE "schema_migrations" ("version" varchar(255) NOT NULL) 
  [1m[36m (0.1ms)[0m  [1mPRAGMA index_list("schema_migrations")[0m
  [1m[35m (1.4ms)[0m  CREATE UNIQUE INDEX "unique_schema_migrations" ON "schema_migrations" ("version")
  [1m[36m (0.1ms)[0m  [1mSELECT "schema_migrations"."version" FROM "schema_migrations" [0m
Migrating to CreateUsers (20120807211737)
  [1m[35m (0.0ms)[0m  begin transaction
  [1m[36m (28.7ms)[0m  [1mCREATE TABLE "users" ("id" INTEGER PRIMARY KEY AUTOINCREMENT NOT NULL, "name" varchar(255), "email" varchar(255), "password" varchar(255), "calendar" varchar(255), "created_at" datetime NOT NULL, "updated_at" datetime NOT NULL) [0m
  [1m[35m (0.4ms)[0m  INSERT INTO "schema_migrations" ("version") VALUES ('20120807211737')
  [1m[36m (168.1ms)[0m  [1mcommit transaction[0m
Migrating to CreateEvents (20120807213707)
  [1m[35m (0.1ms)[0m  begin transaction
  [1m[36m (0.4ms)[0m  [1mCREATE TABLE "events" ("id" INTEGER PRIMARY KEY AUTOINCREMENT NOT NULL, "name" varchar(255), "category" varchar(255), "link" varchar(255), "time" time, "date" date, "created_at" datetime NOT NULL, "updated_at" datetime NOT NULL) [0m
  [1m[35m (0.1ms)[0m  INSERT INTO "schema_migrations" ("version") VALUES ('20120807213707')
  [1m[36m (261.8ms)[0m  [1mcommit transaction[0m
Migrating to CreateCalendars (20120807214934)
  [1m[35m (0.1ms)[0m  begin transaction
  [1m[36m (0.5ms)[0m  [1mCREATE TABLE "calendars" ("id" INTEGER PRIMARY KEY AUTOINCREMENT NOT NULL, "created_at" datetime NOT NULL, "updated_at" datetime NOT NULL) [0m
  [1m[35m (0.2ms)[0m  INSERT INTO "schema_migrations" ("version") VALUES ('20120807214934')
  [1m[36m (39.1ms)[0m  [1mcommit transaction[0m
  [1m[35m (0.1ms)[0m  select sqlite_version(*)
  [1m[36m (0.2ms)[0m  [1mSELECT "schema_migrations"."version" FROM "schema_migrations" [0m
  [1m[35m (0.0ms)[0m  PRAGMA index_list("calendars")
  [1m[36m (0.0ms)[0m  [1mPRAGMA index_list("events")[0m
  [1m[35m (0.0ms)[0m  PRAGMA index_list("users")
Connecting to database specified by database.yml
  [1m[36m (0.5ms)[0m  [1mSELECT "schema_migrations"."version" FROM "schema_migrations" [0m
  [1m[35m (0.1ms)[0m  SELECT "schema_migrations"."version" FROM "schema_migrations" 
Migrating to CreateCalendars (20120807214934)
  [1m[36m (0.1ms)[0m  [1mselect sqlite_version(*)[0m
  [1m[35m (0.1ms)[0m  begin transaction
  [1m[36m (1.0ms)[0m  [1mDROP TABLE "calendars"[0m
  [1m[35m (0.2ms)[0m  DELETE FROM "schema_migrations" WHERE "schema_migrations"."version" = '20120807214934'
  [1m[36m (1.3ms)[0m  [1mcommit transaction[0m
  [1m[35m (0.1ms)[0m  select sqlite_version(*)
  [1m[36m (0.1ms)[0m  [1mSELECT "schema_migrations"."version" FROM "schema_migrations" [0m
  [1m[35m (0.0ms)[0m  PRAGMA index_list("events")
  [1m[36m (0.0ms)[0m  [1mPRAGMA index_list("users")[0m
Connecting to database specified by database.yml
  [1m[36m (0.1ms)[0m  [1mSELECT "schema_migrations"."version" FROM "schema_migrations" [0m
  [1m[35m (0.1ms)[0m  SELECT "schema_migrations"."version" FROM "schema_migrations" 
Migrating to CreateEvents (20120807213707)
  [1m[36m (0.0ms)[0m  [1mselect sqlite_version(*)[0m
  [1m[35m (0.0ms)[0m  begin transaction
  [1m[36m (0.7ms)[0m  [1mDROP TABLE "events"[0m
  [1m[35m (0.2ms)[0m  DELETE FROM "schema_migrations" WHERE "schema_migrations"."version" = '20120807213707'
  [1m[36m (1.7ms)[0m  [1mcommit transaction[0m
  [1m[35m (0.1ms)[0m  select sqlite_version(*)
  [1m[36m (0.1ms)[0m  [1mSELECT "schema_migrations"."version" FROM "schema_migrations" [0m
  [1m[35m (0.0ms)[0m  PRAGMA index_list("users")
Connecting to database specified by database.yml
  [1m[36m (0.1ms)[0m  [1mSELECT "schema_migrations"."version" FROM "schema_migrations" [0m
  [1m[35m (0.1ms)[0m  SELECT "schema_migrations"."version" FROM "schema_migrations" 
Migrating to CreateUsers (20120807211737)
  [1m[36m (0.0ms)[0m  [1mselect sqlite_version(*)[0m
  [1m[35m (0.0ms)[0m  begin transaction
  [1m[36m (0.7ms)[0m  [1mDROP TABLE "users"[0m
  [1m[35m (0.2ms)[0m  DELETE FROM "schema_migrations" WHERE "schema_migrations"."version" = '20120807211737'
  [1m[36m (1.6ms)[0m  [1mcommit transaction[0m
  [1m[35m (0.1ms)[0m  select sqlite_version(*)
  [1m[36m (0.1ms)[0m  [1mSELECT "schema_migrations"."version" FROM "schema_migrations" [0m
Connecting to database specified by database.yml
  [1m[36m (0.4ms)[0m  [1mSELECT "schema_migrations"."version" FROM "schema_migrations" [0m
Migrating to CreateUsers (20120807211737)
  [1m[35m (0.0ms)[0m  select sqlite_version(*)
  [1m[36m (0.0ms)[0m  [1mbegin transaction[0m
  [1m[35m (0.8ms)[0m  CREATE TABLE "users" ("id" INTEGER PRIMARY KEY AUTOINCREMENT NOT NULL, "name" varchar(255), "email" varchar(255), "password" varchar(255), "created_at" datetime NOT NULL, "updated_at" datetime NOT NULL) 
  [1m[36m (0.1ms)[0m  [1mINSERT INTO "schema_migrations" ("version") VALUES ('20120807211737')[0m
  [1m[35m (1.2ms)[0m  commit transaction
Migrating to CreateEvents (20120807213707)
  [1m[36m (0.0ms)[0m  [1mbegin transaction[0m
  [1m[35m (0.6ms)[0m  CREATE TABLE "events" ("id" INTEGER PRIMARY KEY AUTOINCREMENT NOT NULL, "name" varchar(255), "category" varchar(255), "link" varchar(255), "time" time, "date" date, "created_at" datetime NOT NULL, "updated_at" datetime NOT NULL) 
  [1m[36m (0.1ms)[0m  [1mINSERT INTO "schema_migrations" ("version") VALUES ('20120807213707')[0m
  [1m[35m (1.2ms)[0m  commit transaction
Migrating to CreateCalendars (20120807214934)
  [1m[36m (0.0ms)[0m  [1mbegin transaction[0m
  [1m[35m (0.4ms)[0m  CREATE TABLE "calendars" ("id" INTEGER PRIMARY KEY AUTOINCREMENT NOT NULL, "created_at" datetime NOT NULL, "updated_at" datetime NOT NULL) 
  [1m[36m (0.1ms)[0m  [1mINSERT INTO "schema_migrations" ("version") VALUES ('20120807214934')[0m
  [1m[35m (1.3ms)[0m  commit transaction
  [1m[36m (0.1ms)[0m  [1mselect sqlite_version(*)[0m
  [1m[35m (0.1ms)[0m  SELECT "schema_migrations"."version" FROM "schema_migrations" 
  [1m[36m (0.0ms)[0m  [1mPRAGMA index_list("calendars")[0m
  [1m[35m (0.0ms)[0m  PRAGMA index_list("events")
  [1m[36m (0.0ms)[0m  [1mPRAGMA index_list("users")[0m
Connecting to database specified by database.yml
DEPRECATION WARNING: update_attribute is deprecated and will be removed in Rails 4. If you want to skip mass-assignment protection, callbacks, and modifying updated_at, use update_column. If you do want those things, use update_attributes. (called from irb_binding at (irb):18)
Connecting to database specified by database.yml
  [1m[36m (0.1ms)[0m  [1mselect sqlite_version(*)[0m
  [1m[35m (1.5ms)[0m  CREATE TABLE "schema_migrations" ("version" varchar(255) NOT NULL) 
  [1m[36m (0.0ms)[0m  [1mPRAGMA index_list("schema_migrations")[0m
  [1m[35m (1.3ms)[0m  CREATE UNIQUE INDEX "unique_schema_migrations" ON "schema_migrations" ("version")
  [1m[36m (0.1ms)[0m  [1mSELECT "schema_migrations"."version" FROM "schema_migrations" [0m
Migrating to CreateUsers (20120807211737)
  [1m[35m (0.0ms)[0m  begin transaction
  [1m[36m (0.5ms)[0m  [1mCREATE TABLE "users" ("id" INTEGER PRIMARY KEY AUTOINCREMENT NOT NULL, "name" varchar(255), "email" varchar(255), "password" varchar(255), "created_at" datetime NOT NULL, "updated_at" datetime NOT NULL) [0m
  [1m[35m (0.1ms)[0m  INSERT INTO "schema_migrations" ("version") VALUES ('20120807211737')
  [1m[36m (0.9ms)[0m  [1mcommit transaction[0m
Migrating to CreateEvents (20120807213707)
  [1m[35m (0.0ms)[0m  begin transaction
  [1m[36m (0.5ms)[0m  [1mCREATE TABLE "events" ("id" INTEGER PRIMARY KEY AUTOINCREMENT NOT NULL, "name" varchar(255), "category" varchar(255), "link" varchar(255), "time" time, "date" date, "user_id" integer, "created_at" datetime NOT NULL, "updated_at" datetime NOT NULL) [0m
  [1m[35m (0.1ms)[0m  INSERT INTO "schema_migrations" ("version") VALUES ('20120807213707')
  [1m[36m (1.5ms)[0m  [1mcommit transaction[0m
Migrating to CreateCalendars (20120807214934)
  [1m[35m (0.0ms)[0m  begin transaction
  [1m[36m (0.5ms)[0m  [1mCREATE TABLE "calendars" ("id" INTEGER PRIMARY KEY AUTOINCREMENT NOT NULL, "created_at" datetime NOT NULL, "updated_at" datetime NOT NULL) [0m
  [1m[35m (0.1ms)[0m  INSERT INTO "schema_migrations" ("version") VALUES ('20120807214934')
  [1m[36m (25.7ms)[0m  [1mcommit transaction[0m
  [1m[35m (0.1ms)[0m  select sqlite_version(*)
  [1m[36m (0.1ms)[0m  [1mSELECT "schema_migrations"."version" FROM "schema_migrations" [0m
  [1m[35m (0.0ms)[0m  PRAGMA index_list("calendars")
  [1m[36m (0.1ms)[0m  [1mPRAGMA index_list("events")[0m
  [1m[35m (0.0ms)[0m  PRAGMA index_list("users")
Connecting to database specified by database.yml
Connecting to database specified by database.yml
  [1m[36m (0.1ms)[0m  [1mselect sqlite_version(*)[0m
  [1m[35m (1.4ms)[0m  CREATE TABLE "schema_migrations" ("version" varchar(255) NOT NULL) 
  [1m[36m (0.0ms)[0m  [1mPRAGMA index_list("schema_migrations")[0m
  [1m[35m (1.2ms)[0m  CREATE UNIQUE INDEX "unique_schema_migrations" ON "schema_migrations" ("version")
  [1m[36m (0.1ms)[0m  [1mSELECT "schema_migrations"."version" FROM "schema_migrations" [0m
Migrating to CreateUsers (20120807211737)
  [1m[35m (0.0ms)[0m  begin transaction
  [1m[36m (0.4ms)[0m  [1mCREATE TABLE "users" ("id" INTEGER PRIMARY KEY AUTOINCREMENT NOT NULL, "name" varchar(255), "email" varchar(255), "password" varchar(255), "created_at" datetime NOT NULL, "updated_at" datetime NOT NULL) [0m
  [1m[35m (0.1ms)[0m  INSERT INTO "schema_migrations" ("version") VALUES ('20120807211737')
  [1m[36m (1.3ms)[0m  [1mcommit transaction[0m
Migrating to CreateEvents (20120807213707)
  [1m[35m (0.0ms)[0m  begin transaction
  [1m[36m (0.6ms)[0m  [1mCREATE TABLE "events" ("id" INTEGER PRIMARY KEY AUTOINCREMENT NOT NULL, "name" varchar(255), "category" varchar(255), "link" varchar(255), "time" time, "date" date, "calendar_id" integer, "created_at" datetime NOT NULL, "updated_at" datetime NOT NULL) [0m
  [1m[35m (0.3ms)[0m  INSERT INTO "schema_migrations" ("version") VALUES ('20120807213707')
  [1m[36m (32.2ms)[0m  [1mcommit transaction[0m
Migrating to CreateCalendars (20120807214934)
  [1m[35m (0.1ms)[0m  begin transaction
  [1m[36m (0.4ms)[0m  [1mCREATE TABLE "calendars" ("id" INTEGER PRIMARY KEY AUTOINCREMENT NOT NULL, "user_id" integer, "created_at" datetime NOT NULL, "updated_at" datetime NOT NULL) [0m
  [1m[35m (0.1ms)[0m  INSERT INTO "schema_migrations" ("version") VALUES ('20120807214934')
  [1m[36m (1.2ms)[0m  [1mcommit transaction[0m
  [1m[35m (0.1ms)[0m  select sqlite_version(*)
  [1m[36m (0.1ms)[0m  [1mSELECT "schema_migrations"."version" FROM "schema_migrations" [0m
  [1m[35m (0.1ms)[0m  PRAGMA index_list("calendars")
  [1m[36m (0.0ms)[0m  [1mPRAGMA index_list("events")[0m
  [1m[35m (0.0ms)[0m  PRAGMA index_list("users")
